<?xml version="1.0" encoding="UTF-8"?>
<!-- Generated by org.testng.reporters.JUnitXMLReporter -->
<testsuite ignored="0" hostname="srijan-kumar-khan-Lenovo-G780" failures="1" tests="3" name="Error Validation Test" time="34.988" errors="0" timestamp="2024-10-27T21:28:32 IST">
  <testcase classname="com.SeleniumFrameworkDesign.tests.ErrorValidationTest" name="loginErrorValidation" time="12.461">
    <skipped/>
  </testcase> <!-- loginErrorValidation -->
  <testcase classname="com.SeleniumFrameworkDesign.tests.ErrorValidationTest" name="loginErrorValidation" time="0.874">
    <failure type="java.lang.AssertionError" message="expected [Login Successfully] but found [Incorrect email or password.]">
      <![CDATA[java.lang.AssertionError: expected [Login Successfully] but found [Incorrect email or password.]
at com.SeleniumFrameworkDesign.tests.ErrorValidationTest.loginErrorValidation(ErrorValidationTest.java:23)
at java.base/java.util.ArrayList.forEach(ArrayList.java:1596)
at java.base/java.util.concurrent.FutureTask.run(FutureTask.java:317)
at java.base/java.util.concurrent.ThreadPoolExecutor.runWorker(ThreadPoolExecutor.java:1144)
at java.base/java.util.concurrent.ThreadPoolExecutor$Worker.run(ThreadPoolExecutor.java:642)
at java.base/java.lang.Thread.run(Thread.java:1583)
... Removed 21 stack frames]]>
    </failure>
  </testcase> <!-- loginErrorValidation -->
  <testcase classname="com.SeleniumFrameworkDesign.tests.ErrorValidationTest" name="productErrorValidation" time="13.826"/>
</testsuite> <!-- Error Validation Test -->
