<?xml version="1.0" encoding="UTF-8"?>
<!-- Generated by org.testng.reporters.JUnitXMLReporter -->
<testsuite ignored="0" hostname="srijan-kumar-khan-Lenovo-G780" failures="1" tests="3" name="Error Validation Test" time="24.474" errors="0" timestamp="2024-10-28T09:04:12 IST">
  <testcase classname="com.SeleniumFrameworkDesign.tests.ErrorValidationTest" name="loginErrorValidation" time="1.006">
    <skipped/>
  </testcase> <!-- loginErrorValidation -->
  <testcase classname="com.SeleniumFrameworkDesign.tests.ErrorValidationTest" name="loginErrorValidation" time="0.897">
    <failure type="java.lang.AssertionError" message="expected [Login Successfully] but found [Incorrect email or password.]">
      <![CDATA[java.lang.AssertionError: expected [Login Successfully] but found [Incorrect email or password.]
at com.SeleniumFrameworkDesign.tests.ErrorValidationTest.loginErrorValidation(ErrorValidationTest.java:23)
at java.base/java.util.ArrayList.forEach(ArrayList.java:1511)
at java.base/java.util.concurrent.FutureTask.run(FutureTask.java:264)
at java.base/java.util.concurrent.ThreadPoolExecutor.runWorker(ThreadPoolExecutor.java:1136)
at java.base/java.util.concurrent.ThreadPoolExecutor$Worker.run(ThreadPoolExecutor.java:635)
at java.base/java.lang.Thread.run(Thread.java:842)
... Removed 23 stack frames]]>
    </failure>
  </testcase> <!-- loginErrorValidation -->
  <testcase classname="com.SeleniumFrameworkDesign.tests.ErrorValidationTest" name="productErrorValidation" time="13.798"/>
</testsuite> <!-- Error Validation Test -->
